\BOOKMARK [0][-]{chapter.18}{\376\377\000I\000n\000t\000r\000o\000d\000u\000c\000t\000i\000o\000n}{}% 1
\BOOKMARK [1][-]{section.19}{\376\377\000L\000i\000t\000e\000r\000a\000t\000u\000r\000e\000\040\000r\000e\000v\000i\000e\000w}{chapter.18}% 2
\BOOKMARK [2][-]{subsection.20}{\376\377\000P\000h\000u\000g\000o\000i\000d\000\040\000s\000u\000p\000p\000r\000e\000s\000s\000i\000o\000n}{section.19}% 3
\BOOKMARK [2][-]{subsection.21}{\376\377\000A\000e\000r\000o\000e\000l\000a\000s\000t\000i\000c\000\040\000c\000o\000n\000t\000r\000o\000l\000\040\000i\000n\000\040\000w\000i\000n\000d\000\040\000t\000u\000r\000b\000i\000n\000e\000s}{section.19}% 4
\BOOKMARK [1][-]{section.23}{\376\377\000A\000i\000m\000s\000\040\000a\000n\000d\000\040\000o\000b\000j\000e\000c\000t\000i\000v\000e\000s}{chapter.18}% 5
\BOOKMARK [0][-]{chapter.24}{\376\377\000T\000h\000e\000o\000r\000y}{}% 6
\BOOKMARK [1][-]{section.25}{\376\377\000F\000l\000i\000g\000h\000t\000\040\000d\000y\000n\000a\000m\000i\000c\000s}{chapter.24}% 7
\BOOKMARK [2][-]{subsection.34}{\376\377\000T\000h\000e\000\040\000r\000e\000l\000e\000v\000a\000n\000c\000e\000\040\000t\000o\000\040\000c\000o\000n\000t\000r\000o\000l\000\040\000o\000f\000\040\000w\000i\000n\000g\000\040\000l\000i\000f\000t}{section.25}% 8
\BOOKMARK [1][-]{section.35}{\376\377\000S\000P\000O\000\040\000r\000e\000g\000u\000l\000a\000t\000i\000o\000n\000s\000\040\000a\000n\000d\000\040\000q\000u\000a\000l\000i\000f\000i\000c\000a\000t\000i\000o\000n}{chapter.24}% 9
\BOOKMARK [1][-]{section.39}{\376\377\000T\000r\000a\000i\000l\000i\000n\000g\000\040\000e\000d\000g\000e\000\040\000f\000l\000a\000p}{chapter.24}% 10
\BOOKMARK [1][-]{section.41}{\376\377\000P\000I\000D\000\040\000c\000o\000n\000t\000r\000o\000l\000l\000e\000r}{chapter.24}% 11
\BOOKMARK [0][-]{chapter.44}{\376\377\000I\000n\000s\000t\000r\000u\000m\000e\000n\000t\000a\000t\000i\000o\000n}{}% 12
\BOOKMARK [1][-]{section.45}{\376\377\000C\000o\000m\000p\000u\000t\000e\000r\000\040\000a\000n\000d\000\040\000p\000r\000o\000g\000r\000a\000m\000m\000i\000n\000g\000\040\000l\000a\000n\000g\000u\000a\000g\000e}{chapter.44}% 13
\BOOKMARK [1][-]{section.47}{\376\377\000P\000r\000e\000s\000s\000u\000r\000e\000\040\000s\000e\000n\000s\000o\000r\000s}{chapter.44}% 14
\BOOKMARK [1][-]{section.49}{\376\377\000E\000l\000e\000c\000t\000r\000o\000n\000i\000c\000\040\000s\000e\000t\000u\000p}{chapter.44}% 15
\BOOKMARK [1][-]{section.53}{\376\377\000S\000e\000n\000s\000o\000r\000\040\000c\000a\000l\000i\000b\000r\000a\000t\000i\000o\000n}{chapter.44}% 16
\BOOKMARK [1][-]{section.61}{\376\377\000D\000a\000t\000a\000\040\000f\000i\000l\000t\000e\000r\000i\000n\000g}{chapter.44}% 17
\BOOKMARK [0][-]{chapter.68}{\376\377\000P\000h\000y\000s\000i\000c\000a\000l\000\040\000d\000e\000s\000i\000g\000n}{}% 18
\BOOKMARK [1][-]{section.69}{\376\377\000D\000e\000s\000i\000g\000n\000\040\000o\000f\000\040\000M\000a\000i\000n\000\040\000W\000i\000n\000g}{chapter.68}% 19
\BOOKMARK [1][-]{section.71}{\376\377\000G\000u\000s\000t\000\040\000G\000e\000n\000e\000r\000a\000t\000o\000r}{chapter.68}% 20
\BOOKMARK [0][-]{chapter.74}{\376\377\000P\000l\000a\000n\000t\000\040\000d\000y\000n\000a\000m\000i\000c\000s\000\040\000a\000n\000d\000\040\000S\000i\000m\000u\000l\000i\000n\000k\000\040\000m\000o\000d\000e\000l\000l\000i\000n\000g}{}% 21
\BOOKMARK [1][-]{section.75}{\376\377\000A\000c\000t\000u\000a\000t\000o\000r}{chapter.74}% 22
\BOOKMARK [1][-]{section.77}{\376\377\000D\000y\000n\000a\000m\000i\000c\000s\000\040\000o\000f\000\040\000t\000h\000e\000\040\000s\000e\000r\000v\000o}{chapter.74}% 23
\BOOKMARK [1][-]{section.89}{\376\377\000D\000y\000n\000a\000m\000i\000c\000s\000\040\000o\000f\000\040\000t\000h\000e\000\040\000f\000l\000a\000p}{chapter.74}% 24
\BOOKMARK [1][-]{section.93}{\376\377\000S\000i\000m\000u\000l\000i\000n\000k\000\040\000f\000i\000r\000s\000t\000\040\000p\000r\000i\000n\000c\000i\000p\000l\000e\000s\000\040\000m\000o\000d\000e\000l\000l\000i\000n\000g}{chapter.74}% 25
\BOOKMARK [0][-]{chapter.99}{\376\377\000L\000i\000f\000t\000\040\000e\000s\000t\000i\000m\000a\000t\000i\000o\000n\000\040\000a\000n\000d\000\040\000i\000m\000p\000l\000e\000m\000e\000n\000t\000a\000t\000i\000o\000n}{}% 26
\BOOKMARK [1][-]{section.100}{\376\377\000L\000i\000f\000t\000\040\000E\000s\000t\000i\000m\000a\000t\000i\000o\000n}{chapter.99}% 27
\BOOKMARK [1][-]{section.108}{\376\377\000I\000m\000p\000l\000e\000m\000e\000n\000t\000i\000n\000g\000\040\000t\000h\000e\000\040\000c\000o\000n\000t\000r\000o\000l\000l\000e\000r}{chapter.99}% 28
\BOOKMARK [0][-]{chapter.124}{\376\377\000W\000i\000n\000d\000\040\000t\000u\000n\000n\000e\000l\000\040\000t\000e\000s\000t\000i\000n\000g}{}% 29
\BOOKMARK [1][-]{section.125}{\376\377\000M\000e\000a\000s\000u\000r\000i\000n\000g\000\040\000w\000i\000n\000d\000\040\000t\000u\000n\000n\000e\000l\000\040\000a\000i\000r\000s\000p\000e\000e\000d}{chapter.124}% 30
\BOOKMARK [1][-]{section.127}{\376\377\000F\000i\000r\000s\000t\000\040\000t\000e\000s\000t}{chapter.124}% 31
\BOOKMARK [1][-]{section.129}{\376\377\000C\000o\000h\000e\000n\000\040\000a\000n\000d\000\040\000C\000o\000o\000n\000\040\000t\000u\000n\000i\000n\000g}{chapter.124}% 32
\BOOKMARK [1][-]{section.140}{\376\377\000A\000i\000r\000s\000p\000e\000e\000d\000\040\000S\000w\000e\000e\000p\000\040\000t\000e\000s\000t}{chapter.124}% 33
\BOOKMARK [1][-]{section.143}{\376\377\000G\000u\000s\000t\000\040\000R\000e\000s\000p\000o\000n\000s\000e}{chapter.124}% 34
\BOOKMARK [1][-]{section.146}{\376\377\000D\000i\000s\000c\000u\000s\000s\000i\000o\000n\000\040\000o\000f\000\040\000r\000e\000s\000u\000l\000t\000s}{chapter.124}% 35
\BOOKMARK [0][-]{chapter.147}{\376\377\000C\000o\000n\000c\000l\000u\000s\000i\000o\000n}{}% 36
\BOOKMARK [1][-]{section.148}{\376\377\000F\000u\000r\000t\000h\000e\000r\000\040\000r\000e\000c\000o\000m\000m\000e\000n\000d\000a\000t\000i\000o\000n\000s}{chapter.147}% 37
\BOOKMARK [0][-]{chapter*.149}{\376\377\000R\000e\000f\000e\000r\000e\000n\000c\000e\000s}{}% 38
\BOOKMARK [0][-]{appendix.150}{\376\377\000M\000a\000n\000u\000f\000a\000c\000t\000u\000r\000i\000n\000g\000\040\000a\000n\000d\000\040\000a\000s\000s\000e\000m\000b\000l\000y}{}% 39
\BOOKMARK [0][-]{appendix.155}{\376\377\000R\000i\000s\000k\000\040\000A\000s\000s\000e\000s\000s\000m\000e\000n\000t}{}% 40
\BOOKMARK [0][-]{appendix.160}{\376\377\000M\000e\000t\000h\000o\000d\000\040\000S\000t\000a\000t\000e\000m\000e\000n\000t}{}% 41
\BOOKMARK [0][-]{appendix.162}{\376\377\000L\000i\000f\000t\000\040\000E\000s\000t\000i\000m\000a\000t\000o\000r}{}% 42
\BOOKMARK [0][-]{appendix.164}{\376\377\000C\000o\000d\000e}{}% 43
